#
# There is insufficient memory for the Java Runtime Environment to continue.
# Native memory allocation (malloc) failed to allocate 1078496 bytes for Chunk::new
# Possible reasons:
#   The system is out of physical RAM or swap space
#   The process is running with CompressedOops enabled, and the Java Heap may be blocking the growth of the native heap
# Possible solutions:
#   Reduce memory load on the system
#   Increase physical memory or swap space
#   Check if swap backing store is full
#   Decrease Java heap size (-Xmx/-Xms)
#   Decrease number of Java threads
#   Decrease Java thread stack sizes (-Xss)
#   Set larger code cache with -XX:ReservedCodeCacheSize=
#   JVM is running with Unscaled Compressed Oops mode in which the Java heap is
#     placed in the first 4GB address space. The Java Heap base address is the
#     maximum limit for the native heap growth. Please use -XX:HeapBaseMinAddress
#     to set the Java Heap base and to place the Java Heap above 4GB virtual address.
# This output file may be truncated or incomplete.
#
#  Out of Memory Error (allocation.cpp:389), pid=16556, tid=0x0000000000003fcc
#
# JRE version: OpenJDK Runtime Environment (8.0_242-b01) (build 1.8.0_242-release-1644-b01)
# Java VM: OpenJDK 64-Bit Server VM (25.242-b01 mixed mode windows-amd64 compressed oops)
# Failed to write core dump. Minidumps are not enabled by default on client versions of Windows
#

---------------  T H R E A D  ---------------

Current thread (0x0000000019585000):  JavaThread "C2 CompilerThread1" daemon [_thread_in_native, id=16332, stack(0x0000000019f50000,0x000000001a050000)]

Stack: [0x0000000019f50000,0x000000001a050000]
[error occurred during error reporting (printing stack bounds), id 0xc0000005]

Native frames: (J=compiled Java code, j=interpreted, Vv=VM code, C=native code)


Current CompileTask:
C2:3290253 29328 %     4       com.android.tools.r8.dex.n::a @ 312 (910 bytes)


---------------  P R O C E S S  ---------------

Java Threads: ( => current thread )
  0x0000000033092800 JavaThread "ForkJoinPool-6-worker-0" daemon [_thread_blocked, id=9488, stack(0x0000000044610000,0x0000000044710000)]
  0x0000000033090800 JavaThread "ForkJoinPool-6-worker-7" daemon [_thread_blocked, id=18268, stack(0x0000000044510000,0x0000000044610000)]
  0x0000000033091800 JavaThread "ForkJoinPool-6-worker-6" daemon [_thread_blocked, id=11112, stack(0x0000000044410000,0x0000000044510000)]
  0x0000000033085800 JavaThread "ForkJoinPool-6-worker-5" daemon [_thread_blocked, id=5612, stack(0x0000000044310000,0x0000000044410000)]
  0x000000003308c000 JavaThread "ForkJoinPool-6-worker-4" daemon [_thread_blocked, id=9832, stack(0x0000000044210000,0x0000000044310000)]
  0x000000003308a000 JavaThread "ForkJoinPool-6-worker-3" daemon [_thread_in_Java, id=13644, stack(0x0000000044110000,0x0000000044210000)]
  0x000000003307e000 JavaThread "ForkJoinPool-6-worker-2" daemon [_thread_blocked, id=4280, stack(0x0000000041e70000,0x0000000041f70000)]
  0x0000000033084800 JavaThread "ForkJoinPool-6-worker-1" daemon [_thread_blocked, id=9896, stack(0x000000003e210000,0x000000003e310000)]
  0x000000003307e800 JavaThread "stdout" [_thread_in_native, id=17708, stack(0x000000003ada0000,0x000000003aea0000)]
  0x0000000033081800 JavaThread "stderr" [_thread_in_native, id=9584, stack(0x000000003aca0000,0x000000003ada0000)]
  0x0000000033083000 JavaThread "stdout" [_thread_in_native, id=18348, stack(0x000000003aba0000,0x000000003aca0000)]
  0x0000000033082800 JavaThread "stderr" [_thread_in_native, id=13564, stack(0x000000003aaa0000,0x000000003aba0000)]
  0x0000000033081000 JavaThread "stdout" [_thread_in_native, id=15160, stack(0x000000003a9a0000,0x000000003aaa0000)]
  0x000000002dadf800 JavaThread "stderr" [_thread_in_native, id=15196, stack(0x000000003a8a0000,0x000000003a9a0000)]
  0x000000002dae2800 JavaThread "stdout" [_thread_in_native, id=932, stack(0x000000003a7a0000,0x000000003a8a0000)]
  0x000000002dae5800 JavaThread "stderr" [_thread_in_native, id=10380, stack(0x000000003a6a0000,0x000000003a7a0000)]
  0x000000002dae1800 JavaThread "stdout" [_thread_in_native, id=12492, stack(0x000000003a5a0000,0x000000003a6a0000)]
  0x000000002dae5000 JavaThread "stderr" [_thread_in_native, id=8228, stack(0x000000003a4a0000,0x000000003a5a0000)]
  0x000000002dae3000 JavaThread "stdout" [_thread_in_native, id=16544, stack(0x000000003a3a0000,0x000000003a4a0000)]
  0x000000002dae4000 JavaThread "stderr" [_thread_in_native, id=19416, stack(0x000000003a2a0000,0x000000003a3a0000)]
  0x000000002dae1000 JavaThread "stdout" [_thread_in_native, id=2816, stack(0x000000003a1a0000,0x000000003a2a0000)]
  0x000000002dae0000 JavaThread "stderr" [_thread_in_native, id=19172, stack(0x000000003a0a0000,0x000000003a1a0000)]
  0x000000002dad8800 JavaThread "stdout" [_thread_in_native, id=1260, stack(0x0000000039fa0000,0x000000003a0a0000)]
  0x000000002dade800 JavaThread "stderr" [_thread_in_native, id=12896, stack(0x0000000039ea0000,0x0000000039fa0000)]
  0x000000002dad7000 JavaThread "WorkerExecutor Queue Thread 8" [_thread_blocked, id=12512, stack(0x0000000039660000,0x0000000039760000)]
  0x000000002dad8000 JavaThread "pool-10-thread-1" [_thread_blocked, id=15056, stack(0x0000000039da0000,0x0000000039ea0000)]
  0x000000002dadb000 JavaThread "WorkerExecutor Queue Thread 7" [_thread_blocked, id=8796, stack(0x0000000039ca0000,0x0000000039da0000)]
  0x000000002dade000 JavaThread "WorkerExecutor Queue Thread 6" [_thread_blocked, id=12768, stack(0x0000000039ba0000,0x0000000039ca0000)]
  0x000000002dadc800 JavaThread "WorkerExecutor Queue Thread 5" [_thread_blocked, id=7276, stack(0x0000000039aa0000,0x0000000039ba0000)]
  0x000000002dada000 JavaThread "WorkerExecutor Queue Thread 4" [_thread_blocked, id=14468, stack(0x00000000399a0000,0x0000000039aa0000)]
  0x000000002dadb800 JavaThread "WorkerExecutor Queue Thread 3" [_thread_blocked, id=17464, stack(0x00000000398a0000,0x00000000399a0000)]
  0x000000002dad6800 JavaThread "WorkerExecutor Queue Thread 2" [_thread_blocked, id=10988, stack(0x00000000397a0000,0x00000000398a0000)]
  0x000000002dad9800 JavaThread "WorkerExecutor Queue" [_thread_blocked, id=6652, stack(0x0000000039360000,0x0000000039460000)]
  0x00000000231df800 JavaThread "Cache worker for execution history cache (C:\Users\Public\AndroidStudioProjects\TictTakToe\.gradle\6.5\executionHistory)" [_thread_blocked, id=17808, stack(0x0000000039160000,0x0000000039260000)]
  0x00000000231de000 JavaThread "Execution worker for ':' Thread 7" [_thread_blocked, id=10680, stack(0x0000000039060000,0x0000000039160000)]
  0x00000000231d9800 JavaThread "Execution worker for ':' Thread 6" [_thread_blocked, id=3604, stack(0x0000000038f60000,0x0000000039060000)]
  0x00000000231de800 JavaThread "Execution worker for ':' Thread 5" [_thread_blocked, id=16460, stack(0x0000000038e60000,0x0000000038f60000)]
  0x00000000231db000 JavaThread "Execution worker for ':' Thread 4" [_thread_blocked, id=12296, stack(0x0000000037d40000,0x0000000037e40000)]
  0x00000000231d3800 JavaThread "Execution worker for ':' Thread 3" [_thread_blocked, id=5116, stack(0x0000000037c40000,0x0000000037d40000)]
  0x00000000231d1000 JavaThread "Execution worker for ':' Thread 2" [_thread_blocked, id=5468, stack(0x0000000037b40000,0x0000000037c40000)]
  0x00000000231d7000 JavaThread "Execution worker for ':'" [_thread_blocked, id=17852, stack(0x00000000377e0000,0x00000000378e0000)]
  0x00000000231d5800 JavaThread "Cache worker for file content cache (C:\Users\Public\AndroidStudioProjects\TictTakToe\.gradle\6.5\fileContent)" [_thread_blocked, id=744, stack(0x00000000372e0000,0x00000000373e0000)]
  0x00000000231d2000 JavaThread "Cache worker for Build Output Cleanup Cache (C:\Users\Public\AndroidStudioProjects\TictTakToe\.gradle\buildOutputCleanup)" [_thread_blocked, id=13480, stack(0x00000000371e0000,0x00000000372e0000)]
  0x00000000231d6800 JavaThread "jar transforms Thread 548" [_thread_blocked, id=18680, stack(0x0000000035ee0000,0x0000000035fe0000)]
  0x00000000231d5000 JavaThread "jar transforms Thread 547" [_thread_blocked, id=7388, stack(0x0000000035de0000,0x0000000035ee0000)]
  0x00000000231d8000 JavaThread "jar transforms Thread 546" [_thread_blocked, id=1200, stack(0x0000000035ce0000,0x0000000035de0000)]
  0x00000000231d4000 JavaThread "jar transforms Thread 545" [_thread_blocked, id=16740, stack(0x0000000035be0000,0x0000000035ce0000)]
  0x00000000231d2800 JavaThread "jar transforms Thread 544" [_thread_blocked, id=17944, stack(0x0000000035ae0000,0x0000000035be0000)]
  0x00000000231d0800 JavaThread "jar transforms Thread 543" [_thread_blocked, id=13020, stack(0x00000000359e0000,0x0000000035ae0000)]
  0x000000001c6e8800 JavaThread "jar transforms Thread 542" [_thread_blocked, id=14544, stack(0x00000000358e0000,0x00000000359e0000)]
  0x000000001c6e1000 JavaThread "jar transforms Thread 541" [_thread_blocked, id=13500, stack(0x00000000357e0000,0x00000000358e0000)]
  0x000000001c6e8000 JavaThread "jar transforms Thread 540" [_thread_blocked, id=1700, stack(0x00000000356e0000,0x00000000357e0000)]
  0x000000001c6e6000 JavaThread "jar transforms Thread 539" [_thread_blocked, id=17516, stack(0x00000000355e0000,0x00000000356e0000)]
  0x000000001c6e4800 JavaThread "jar transforms Thread 538" [_thread_blocked, id=14584, stack(0x00000000354e0000,0x00000000355e0000)]
  0x000000001c6e5800 JavaThread "jar transforms Thread 537" [_thread_blocked, id=5540, stack(0x00000000353e0000,0x00000000354e0000)]
  0x000000001c6e4000 JavaThread "jar transforms Thread 536" [_thread_blocked, id=12060, stack(0x00000000352e0000,0x00000000353e0000)]
  0x000000001c6e3000 JavaThread "jar transforms Thread 535" [_thread_blocked, id=18608, stack(0x00000000351e0000,0x00000000352e0000)]
  0x000000001c6e1800 JavaThread "jar transforms Thread 534" [_thread_blocked, id=6028, stack(0x00000000350e0000,0x00000000351e0000)]
  0x000000001c6e2800 JavaThread "jar transforms Thread 533" [_thread_blocked, id=18620, stack(0x0000000034fe0000,0x00000000350e0000)]
  0x000000001c6e7000 JavaThread "jar transforms Thread 532" [_thread_blocked, id=17296, stack(0x0000000034ee0000,0x0000000034fe0000)]
  0x000000001c6d9800 JavaThread "jar transforms Thread 531" [_thread_blocked, id=3236, stack(0x0000000034de0000,0x0000000034ee0000)]
  0x000000001c6df800 JavaThread "jar transforms Thread 530" [_thread_blocked, id=13864, stack(0x0000000032ab0000,0x0000000032bb0000)]
  0x000000001c6e0000 JavaThread "jar transforms Thread 529" [_thread_blocked, id=19376, stack(0x00000000311a0000,0x00000000312a0000)]
  0x000000001c6de000 JavaThread "jar transforms Thread 528" [_thread_blocked, id=6712, stack(0x00000000310a0000,0x00000000311a0000)]
  0x000000001c6da000 JavaThread "jar transforms Thread 527" [_thread_blocked, id=15940, stack(0x0000000030fa0000,0x00000000310a0000)]
  0x000000001c6dd000 JavaThread "jar transforms Thread 526" [_thread_blocked, id=14368, stack(0x000000002d320000,0x000000002d420000)]
  0x000000001c6de800 JavaThread "jar transforms Thread 525" [_thread_blocked, id=18936, stack(0x000000002a270000,0x000000002a370000)]
  0x000000001c6dc800 JavaThread "jar transforms Thread 524" [_thread_blocked, id=12460, stack(0x0000000029ef0000,0x0000000029ff0000)]
  0x000000001c6db000 JavaThread "jar transforms Thread 523" [_thread_blocked, id=10656, stack(0x0000000029df0000,0x0000000029ef0000)]
  0x000000001c6db800 JavaThread "jar transforms Thread 522" [_thread_blocked, id=12952, stack(0x0000000029cf0000,0x0000000029df0000)]
  0x000000001c2f0000 JavaThread "jar transforms Thread 521" [_thread_blocked, id=8460, stack(0x0000000029bf0000,0x0000000029cf0000)]
  0x000000001c2ee800 JavaThread "jar transforms Thread 520" [_thread_blocked, id=8740, stack(0x0000000029af0000,0x0000000029bf0000)]
  0x000000001c2ed800 JavaThread "jar transforms Thread 519" [_thread_blocked, id=19012, stack(0x00000000299f0000,0x0000000029af0000)]
  0x000000001e728800 JavaThread "jar transforms Thread 518" [_thread_blocked, id=19040, stack(0x00000000298f0000,0x00000000299f0000)]
  0x000000001e722000 JavaThread "jar transforms Thread 517" [_thread_blocked, id=10148, stack(0x00000000297f0000,0x00000000298f0000)]
  0x000000001e720800 JavaThread "jar transforms Thread 516" [_thread_blocked, id=17960, stack(0x00000000296f0000,0x00000000297f0000)]
  0x000000001e721800 JavaThread "jar transforms Thread 515" [_thread_blocked, id=8084, stack(0x00000000295f0000,0x00000000296f0000)]
  0x000000001e726000 JavaThread "jar transforms Thread 514" [_thread_blocked, id=8232, stack(0x00000000294f0000,0x00000000295f0000)]
  0x000000001e724000 JavaThread "jar transforms Thread 513" [_thread_blocked, id=18700, stack(0x00000000293f0000,0x00000000294f0000)]
  0x000000001e725800 JavaThread "jar transforms Thread 512" [_thread_blocked, id=13244, stack(0x00000000292f0000,0x00000000293f0000)]
  0x000000001e724800 JavaThread "jar transforms Thread 511" [_thread_blocked, id=11932, stack(0x00000000291f0000,0x00000000292f0000)]
  0x000000001e719000 JavaThread "jar transforms Thread 510" [_thread_blocked, id=448, stack(0x00000000290f0000,0x00000000291f0000)]
  0x000000001e71e800 JavaThread "jar transforms Thread 509" [_thread_blocked, id=4576, stack(0x0000000028ff0000,0x00000000290f0000)]
  0x000000001e71d000 JavaThread "jar transforms Thread 508" [_thread_blocked, id=14416, stack(0x0000000028ef0000,0x0000000028ff0000)]
  0x000000001e71a800 JavaThread "jar transforms Thread 507" [_thread_blocked, id=14752, stack(0x0000000028df0000,0x0000000028ef0000)]
  0x000000001edfa000 JavaThread "jar transforms Thread 506" [_thread_blocked, id=8712, stack(0x0000000028cf0000,0x0000000028df0000)]
  0x000000001edf7800 JavaThread "jar transforms Thread 505" [_thread_blocked, id=18940, stack(0x0000000028bf0000,0x0000000028cf0000)]
  0x000000001edf9000 JavaThread "jar transforms Thread 504" [_thread_blocked, id=4040, stack(0x0000000028af0000,0x0000000028bf0000)]
  0x000000001edf7000 JavaThread "jar transforms Thread 503" [_thread_blocked, id=9432, stack(0x00000000289f0000,0x0000000028af0000)]
  0x000000001edf8800 JavaThread "jar transforms Thread 502" [_thread_blocked, id=6196, stack(0x00000000288f0000,0x00000000289f0000)]
  0x000000001edf6000 JavaThread "jar transforms Thread 501" [_thread_blocked, id=18468, stack(0x00000000287f0000,0x00000000288f0000)]
  0x000000001edee800 JavaThread "jar transforms Thread 500" [_thread_blocked, id=13040, stack(0x00000000286f0000,0x00000000287f0000)]
  0x000000001edf5800 JavaThread "jar transforms Thread 499" [_thread_blocked, id=9812, stack(0x00000000285f0000,0x00000000286f0000)]
  0x000000001edf4800 JavaThread "jar transforms Thread 498" [_thread_blocked, id=1108, stack(0x00000000284f0000,0x00000000285f0000)]
  0x000000001edf4000 JavaThread "jar transforms Thread 497" [_thread_blocked, id=2364, stack(0x00000000283f0000,0x00000000284f0000)]
  0x000000001edf3000 JavaThread "jar transforms Thread 496" [_thread_blocked, id=19408, stack(0x00000000282f0000,0x00000000283f0000)]
  0x000000001edea800 JavaThread "jar transforms Thread 495" [_thread_blocked, id=4724, stack(0x00000000281f0000,0x00000000282f0000)]
  0x000000001edf1000 JavaThread "jar transforms Thread 494" [_thread_blocked, id=16788, stack(0x00000000280f0000,0x00000000281f0000)]
  0x000000001edf0000 JavaThread "jar transforms Thread 493" [_thread_blocked, id=11164, stack(0x0000000027ff0000,0x00000000280f0000)]
  0x000000001edeb800 JavaThread "jar transforms Thread 492" [_thread_blocked, id=8336, stack(0x0000000027ef0000,0x0000000027ff0000)]
  0x000000001edec000 JavaThread "jar transforms Thread 491" [_thread_blocked, id=13640, stack(0x0000000027df0000,0x0000000027ef0000)]
  0x00000000198d6000 JavaThread "jar transforms Thread 490" [_thread_blocked, id=15420, stack(0x0000000027cf0000,0x0000000027df0000)]
  0x00000000198d5000 JavaThread "jar transforms Thread 489" [_thread_blocked, id=6640, stack(0x0000000027bf0000,0x0000000027cf0000)]
  0x00000000198d4800 JavaThread "jar transforms Thread 488" [_thread_blocked, id=17364, stack(0x0000000027af0000,0x0000000027bf0000)]
  0x00000000198d3000 JavaThread "jar transforms Thread 487" [_thread_blocked, id=17388, stack(0x00000000279f0000,0x0000000027af0000)]
  0x00000000198d6800 JavaThread "jar transforms Thread 486" [_thread_blocked, id=9380, stack(0x00000000278f0000,0x00000000279f0000)]
  0x00000000198d2000 JavaThread "jar transforms Thread 485" [_thread_blocked, id=12152, stack(0x00000000277f0000,0x00000000278f0000)]
  0x00000000198ca800 JavaThread "jar transforms Thread 484" [_thread_blocked, id=15068, stack(0x00000000276f0000,0x00000000277f0000)]
  0x00000000198d1800 JavaThread "jar transforms Thread 483" [_thread_blocked, id=8764, stack(0x00000000275f0000,0x00000000276f0000)]
  0x00000000198d0800 JavaThread "jar transforms Thread 482" [_thread_blocked, id=15920, stack(0x00000000274f0000,0x00000000275f0000)]
  0x00000000198c9000 JavaThread "jar transforms Thread 481" [_thread_blocked, id=16324, stack(0x00000000273f0000,0x00000000274f0000)]
  0x00000000198d0000 JavaThread "jar transforms Thread 480" [_thread_blocked, id=9784, stack(0x00000000272f0000,0x00000000273f0000)]
  0x00000000198cf000 JavaThread "jar transforms Thread 479" [_thread_blocked, id=14520, stack(0x00000000271f0000,0x00000000272f0000)]
  0x00000000198ce800 JavaThread "jar transforms Thread 478" [_thread_blocked, id=11836, stack(0x00000000270f0000,0x00000000271f0000)]
  0x00000000198cd800 JavaThread "jar transforms Thread 477" [_thread_blocked, id=15168, stack(0x0000000026ff0000,0x00000000270f0000)]
  0x00000000198cd000 JavaThread "jar transforms Thread 476" [_thread_blocked, id=13516, stack(0x0000000026ef0000,0x0000000026ff0000)]
  0x00000000198cb800 JavaThread "jar transforms Thread 475" [_thread_blocked, id=15140, stack(0x0000000026df0000,0x0000000026ef0000)]
  0x00000000198ca000 JavaThread "jar transforms Thread 474" [_thread_blocked, id=14296, stack(0x0000000026cf0000,0x0000000026df0000)]
  0x00000000198cc000 JavaThread "jar transforms Thread 473" [_thread_blocked, id=12212, stack(0x0000000026bf0000,0x0000000026cf0000)]
  0x000000002ccfa000 JavaThread "jar transforms Thread 472" [_thread_blocked, id=12932, stack(0x0000000026af0000,0x0000000026bf0000)]
  0x000000002ccf7000 JavaThread "jar transforms Thread 471" [_thread_blocked, id=15596, stack(0x00000000269f0000,0x0000000026af0000)]
  0x000000002ccfd000 JavaThread "jar transforms Thread 470" [_thread_blocked, id=18540, stack(0x00000000268f0000,0x00000000269f0000)]
  0x000000002ccf8800 JavaThread "jar transforms Thread 469" [_thread_blocked, id=7624, stack(0x00000000267f0000,0x00000000268f0000)]
  0x000000002ccfb800 JavaThread "jar transforms Thread 468" [_thread_blocked, id=12584, stack(0x00000000266f0000,0x00000000267f0000)]
  0x000000002ccfa800 JavaThread "jar transforms Thread 467" [_thread_blocked, id=1124, stack(0x00000000265f0000,0x00000000266f0000)]
  0x000000002ccf7800 JavaThread "jar transforms Thread 466" [_thread_blocked, id=1052, stack(0x00000000264f0000,0x00000000265f0000)]
  0x000000002ccf9000 JavaThread "jar transforms Thread 465" [_thread_blocked, id=8204, stack(0x00000000263f0000,0x00000000264f0000)]
  0x000000002ccfc000 JavaThread "jar transforms Thread 464" [_thread_blocked, id=18800, stack(0x00000000262f0000,0x00000000263f0000)]
  0x000000002ccf6000 JavaThread "jar transforms Thread 463" [_thread_blocked, id=11356, stack(0x00000000261f0000,0x00000000262f0000)]
  0x000000002ccee800 JavaThread "jar transforms Thread 462" [_thread_blocked, id=15936, stack(0x00000000260f0000,0x00000000261f0000)]
  0x000000002ccf3000 JavaThread "jar transforms Thread 461" [_thread_blocked, id=18448, stack(0x0000000025ff0000,0x00000000260f0000)]
  0x000000002ccf5800 JavaThread "jar transforms Thread 460" [_thread_blocked, id=284, stack(0x0000000025ef0000,0x0000000025ff0000)]
  0x000000002ccf4800 JavaThread "jar transforms Thread 459" [_thread_blocked, id=10080, stack(0x0000000025df0000,0x0000000025ef0000)]
  0x000000002ccf1800 JavaThread "jar transforms Thread 458" [_thread_blocked, id=10144, stack(0x0000000025cf0000,0x0000000025df0000)]
  0x000000002ccef800 JavaThread "jar transforms Thread 457" [_thread_blocked, id=15372, stack(0x0000000025bf0000,0x0000000025cf0000)]
  0x000000002ccf1000 JavaThread "jar transforms Thread 456" [_thread_blocked, id=16688, stack(0x0000000025af0000,0x0000000025bf0000)]
  0x000000002ccee000 JavaThread "jar transforms Thread 455" [_thread_blocked, id=6280, stack(0x00000000259f0000,0x0000000025af0000)]
  0x000000002ccf0000 JavaThread "jar transforms Thread 454" [_thread_blocked, id=15428, stack(0x00000000258f0000,0x00000000259f0000)]
  0x000000001acf2000 JavaThread "jar transforms Thread 453" [_thread_blocked, id=18376, stack(0x00000000257f0000,0x00000000258f0000)]
  0x000000001acf1000 JavaThread "jar transforms Thread 452" [_thread_blocked, id=9724, stack(0x00000000256f0000,0x00000000257f0000)]
  0x000000001acef000 JavaThread "jar transforms Thread 451" [_thread_blocked, id=18172, stack(0x00000000255f0000,0x00000000256f0000)]
  0x000000001acf3800 JavaThread "jar transforms Thread 450" [_thread_blocked, id=14832, stack(0x00000000254f0000,0x00000000255f0000)]
  0x000000001acf0800 JavaThread "jar transforms Thread 449" [_thread_blocked, id=15536, stack(0x00000000253f0000,0x00000000254f0000)]
  0x000000001acee000 JavaThread "jar transforms Thread 448" [_thread_blocked, id=19184, stack(0x00000000252f0000,0x00000000253f0000)]
  0x000000001acef800 JavaThread "jar transforms Thread 447" [_thread_blocked, id=504, stack(0x00000000251f0000,0x00000000252f0000)]
  0x000000001aced800 JavaThread "jar transforms Thread 446" [_thread_blocked, id=12328, stack(0x00000000250f0000,0x00000000251f0000)]
  0x000000001acf3000 JavaThread "jar transforms Thread 445" [_thread_blocked, id=3772, stack(0x0000000024ff0000,0x00000000250f0000)]
  0x000000001ace6000 JavaThread "jar transforms Thread 444" [_thread_blocked, id=11368, stack(0x0000000024ef0000,0x0000000024ff0000)]
  0x000000001acec000 JavaThread "jar transforms Thread 443" [_thread_blocked, id=12216, stack(0x0000000024df0000,0x0000000024ef0000)]
  0x000000001ace6800 JavaThread "jar transforms Thread 442" [_thread_blocked, id=3456, stack(0x0000000024cf0000,0x0000000024df0000)]
  0x000000001acec800 JavaThread "jar transforms Thread 441" [_thread_blocked, id=1140, stack(0x0000000024bf0000,0x0000000024cf0000)]
  0x000000001ace8000 JavaThread "jar transforms Thread 440" [_thread_blocked, id=3376, stack(0x0000000024af0000,0x0000000024bf0000)]
  0x000000001ace5000 JavaThread "jar transforms Thread 439" [_thread_blocked, id=16972, stack(0x00000000247a0000,0x00000000248a0000)]
  0x000000001ace4800 JavaThread "jar transforms Thread 438" [_thread_blocked, id=18576, stack(0x0000000022cb0000,0x0000000022db0000)]
  0x000000001acea800 JavaThread "jar transforms Thread 437" [_thread_blocked, id=9748, stack(0x00000000221b0000,0x00000000222b0000)]
  0x000000001aceb000 JavaThread "jar transforms Thread 436" [_thread_blocked, id=14856, stack(0x0000000021ca0000,0x0000000021da0000)]
  0x000000001ace7800 JavaThread "jar transforms Thread 435" [_thread_blocked, id=10280, stack(0x0000000021ba0000,0x0000000021ca0000)]
  0x000000002d5d7000 JavaThread "Build operations Thread 8" [_thread_in_native, id=5504, stack(0x0000000021aa0000,0x0000000021ba0000)]
  0x000000002d5d5800 JavaThread "Build operations Thread 7" [_thread_blocked, id=8552, stack(0x00000000219a0000,0x0000000021aa0000)]
  0x000000002d5d9000 JavaThread "Build operations Thread 6" [_thread_blocked, id=6608, stack(0x00000000218a0000,0x00000000219a0000)]
  0x000000002d5d6000 JavaThread "Build operations Thread 5" [_thread_in_native, id=7568, stack(0x00000000217a0000,0x00000000218a0000)]
  0x000000002d5da000 JavaThread "Build operations Thread 4" [_thread_blocked, id=5284, stack(0x00000000216a0000,0x00000000217a0000)]
  0x000000002d5d4000 JavaThread "Build operations Thread 3" [_thread_blocked, id=6924, stack(0x00000000215a0000,0x00000000216a0000)]
  0x000000002d5d8800 JavaThread "Build operations Thread 2" [_thread_in_native, id=7744, stack(0x00000000214a0000,0x00000000215a0000)]
  0x000000002d5da800 JavaThread "Build operations" [_thread_blocked, id=13452, stack(0x00000000213a0000,0x00000000214a0000)]
  0x000000002d5d1000 JavaThread "Cache worker for cache directory md-rule (C:\Users\Akshit Joshi\.gradle\caches\6.5\md-rule)" [_thread_blocked, id=15900, stack(0x00000000212a0000,0x00000000213a0000)]
  0x000000002d5d4800 JavaThread "Cache worker for cache directory md-supplier (C:\Users\Akshit Joshi\.gradle\caches\6.5\md-supplier)" [_thread_blocked, id=12992, stack(0x00000000211a0000,0x00000000212a0000)]
  0x000000002d5cc800 JavaThread "Cache worker for checksums cache (C:\Users\Public\AndroidStudioProjects\TictTakToe\.gradle\checksums)" [_thread_blocked, id=9572, stack(0x00000000210a0000,0x00000000211a0000)]
  0x000000002d5d3000 JavaThread "Cache worker for file hash cache (C:\Users\Public\AndroidStudioProjects\TictTakToe\.gradle\6.5\fileHashes)" [_thread_blocked, id=14464, stack(0x0000000020fa0000,0x00000000210a0000)]
  0x000000002d5d2800 JavaThread "Thread-625" [_thread_blocked, id=16352, stack(0x0000000020ea0000,0x0000000020fa0000)]
  0x000000002d5cf800 JavaThread "Stdin handler" [_thread_blocked, id=16136, stack(0x000000001f940000,0x000000001fa40000)]
  0x000000002d5d0000 JavaThread "Asynchronous log dispatcher for DefaultDaemonConnection: socket connection from /127.0.0.1:55374 to /127.0.0.1:49566" [_thread_blocked, id=3388, stack(0x000000001f840000,0x000000001f940000)]
  0x000000002d5ce800 JavaThread "Daemon worker Thread 5" [_thread_blocked, id=12780, stack(0x000000001e070000,0x000000001e170000)]
  0x000000002d5cb800 JavaThread "Cancel handler" [_thread_blocked, id=15944, stack(0x000000001df70000,0x000000001e070000)]
  0x000000002d5d1800 JavaThread "Handler for socket connection from /127.0.0.1:55374 to /127.0.0.1:49566" [_thread_in_native, id=9564, stack(0x000000001db70000,0x000000001dc70000)]
  0x000000002d5ce000 JavaThread "Daemon Thread 5" [_thread_blocked, id=19164, stack(0x0000000000a40000,0x0000000000b40000)]
  0x00000000198d8800 JavaThread "Memory manager" [_thread_blocked, id=16528, stack(0x000000002bdf0000,0x000000002bef0000)]
  0x000000001e71b800 JavaThread "Cache worker for file content cache (C:\Users\Akshit Joshi\.gradle\caches\6.5\fileContent)" [_thread_blocked, id=14144, stack(0x0000000022bb0000,0x0000000022cb0000)]
  0x000000001e71c000 JavaThread "Cache worker for execution history cache (C:\Users\Akshit Joshi\.gradle\caches\6.5\executionHistory)" [_thread_blocked, id=18920, stack(0x00000000222b0000,0x00000000223b0000)]
  0x000000001c2ed000 JavaThread "Cache worker for file hash cache (C:\Users\Akshit Joshi\.gradle\caches\6.5\fileHashes)" [_thread_blocked, id=3880, stack(0x000000001e570000,0x000000001e670000)]
  0x000000001c2ef000 JavaThread "File lock request listener" [_thread_in_native, id=16212, stack(0x000000001e470000,0x000000001e570000)]
  0x000000001a54c000 JavaThread "Cache worker for journal cache (C:\Users\Akshit Joshi\.gradle\caches\journal-1)" [_thread_blocked, id=1372, stack(0x000000001e370000,0x000000001e470000)]
  0x000000001b1fd000 JavaThread "Daemon periodic checks" [_thread_blocked, id=5700, stack(0x000000001d670000,0x000000001d770000)]
  0x000000001be1a000 JavaThread "Incoming local TCP Connector on port 55374" [_thread_in_native, id=15968, stack(0x000000001d430000,0x000000001d530000)]
  0x0000000019703800 JavaThread "Daemon health stats" [_thread_blocked, id=14596, stack(0x000000001cdf0000,0x000000001cef0000)]
  0x000000001961d800 JavaThread "Service Thread" daemon [_thread_blocked, id=17344, stack(0x000000001a250000,0x000000001a350000)]
  0x000000001958d000 JavaThread "C1 CompilerThread3" daemon [_thread_blocked, id=18960, stack(0x000000001a150000,0x000000001a250000)]
  0x0000000019588000 JavaThread "C2 CompilerThread2" daemon [_thread_in_native, id=9608, stack(0x000000001a050000,0x000000001a150000)]
=>0x0000000019585000 JavaThread "C2 CompilerThread1" daemon [_thread_in_native, id=16332, stack(0x0000000019f50000,0x000000001a050000)]
  0x0000000019581000 JavaThread "C2 CompilerThread0" daemon [_thread_in_vm, id=13892, stack(0x0000000019e50000,0x0000000019f50000)]
  0x0000000019580000 JavaThread "Attach Listener" daemon [_thread_blocked, id=11968, stack(0x0000000019d50000,0x0000000019e50000)]
  0x000000001957f000 JavaThread "Signal Dispatcher" daemon [_thread_blocked, id=10464, stack(0x0000000019c50000,0x0000000019d50000)]
  0x000000000271e000 JavaThread "Finalizer" daemon [_thread_blocked, id=17660, stack(0x0000000019a50000,0x0000000019b50000)]
  0x0000000002717000 JavaThread "Reference Handler" daemon [_thread_blocked, id=15608, stack(0x0000000019950000,0x0000000019a50000)]
  0x0000000002622800 JavaThread "main" [_thread_blocked, id=9560, stack(0x0000000002460000,0x0000000002560000)]

Other Threads:
  0x0000000017786800 VMThread [stack: 0x0000000019450000,0x0000000019550000] [id=17256]
  0x000000001961e800 WatcherThread [stack: 0x000000001a350000,0x000000001a450000] [id=2380]

VM state:not at safepoint (normal execution)

VM Mutex/Monitor currently owned by a thread: None

heap address: 0x0000000080000000, size: 2048 MB, Compressed Oops mode: 32-bit
Narrow klass base: 0x0000000000000000, Narrow klass shift: 3
Compressed class space size: 1073741824 Address: 0x0000000100000000

Heap:
 PSYoungGen      total 598528K, used 12136K [0x00000000d5580000, 0x0000000100000000, 0x0000000100000000)
  eden space 525824K, 2% used [0x00000000d5580000,0x00000000d615a0a0,0x00000000f5700000)
  from space 72704K, 0% used [0x00000000fb500000,0x00000000fb500000,0x00000000ffc00000)
  to   space 86528K, 0% used [0x00000000f5700000,0x00000000f5700000,0x00000000fab80000)
 ParOldGen       total 224768K, used 173809K [0x0000000080000000, 0x000000008db80000, 0x00000000d5580000)
  object space 224768K, 77% used [0x0000000080000000,0x000000008a9bc7b0,0x000000008db80000)
 Metaspace       used 188169K, capacity 196582K, committed 201036K, reserved 1222656K
  class space    used 24337K, capacity 26052K, committed 27264K, reserved 1048576K

Card table byte_map: [0x0000000011ae0000,0x0000000011ef0000] byte_map_base: 0x00000000116e0000

Marking Bits: (ParMarkBitMap*) 0x000000006952f030
 Begin Bits: [0x00000000129a0000, 0x00000000149a0000)
 End Bits:   [0x00000000149a0000, 0x00000000169a0000)

Polling page: 0x0000000000620000

CodeCache: size=245760Kb used=79675Kb max_used=80901Kb free=166084Kb
 bounds [0x0000000002720000, 0x0000000007690000, 0x0000000011720000]
 total_blobs=24220 nmethods=23286 adapters=844
 compilation: enabled

Compilation events (10 events):
Event: 3290.160 Thread 0x000000001958d000 29469       2       com.android.tools.r8.code.a2::a (10 bytes)
Event: 3290.161 Thread 0x000000001958d000 nmethod 29469 0x0000000007497650 code [0x00000000074977c0, 0x0000000007497968]
Event: 3290.165 Thread 0x000000001958d000 29470       2       com.android.tools.r8.code.a::a (17 bytes)
Event: 3290.166 Thread 0x000000001958d000 nmethod 29470 0x0000000007497290 code [0x0000000007497400, 0x00000000074975a8]
Event: 3290.166 Thread 0x000000001958d000 29471       2       com.android.tools.r8.code.e0::a (37 bytes)
Event: 3290.167 Thread 0x000000001958d000 nmethod 29471 0x0000000006bddd50 code [0x0000000006bddee0, 0x0000000006bde208]
Event: 3290.170 Thread 0x000000001958d000 29472       2       com.android.tools.r8.code.M0::a (26 bytes)
Event: 3290.171 Thread 0x000000001958d000 nmethod 29472 0x0000000006bdd810 code [0x0000000006bdd980, 0x0000000006bddba8]
Event: 3290.172 Thread 0x0000000019588000 nmethod 29420% 0x0000000006e77290 code [0x0000000006e77440, 0x0000000006e78718]
Event: 3290.173 Thread 0x0000000019588000 29421 %     4       java.util.TimSort::mergeHi @ 191 (732 bytes)

GC Heap History (10 events):
Event: 3282.973 GC heap before
{Heap before GC invocations=37 (full 6):
 PSYoungGen      total 613376K, used 541589K [0x00000000d5580000, 0x00000000ffb00000, 0x0000000100000000)
  eden space 535040K, 100% used [0x00000000d5580000,0x00000000f6000000,0x00000000f6000000)
  from space 78336K, 8% used [0x00000000fae80000,0x00000000fb4e5680,0x00000000ffb00000)
  to   space 79360K, 0% used [0x00000000f6000000,0x00000000f6000000,0x00000000fad80000)
 ParOldGen       total 224768K, used 179631K [0x0000000080000000, 0x000000008db80000, 0x00000000d5580000)
  object space 224768K, 79% used [0x0000000080000000,0x000000008af6beb0,0x000000008db80000)
 Metaspace       used 187484K, capacity 195842K, committed 201036K, reserved 1222656K
  class space    used 24267K, capacity 25988K, committed 27264K, reserved 1048576K
Event: 3282.986 GC heap after
Heap after GC invocations=37 (full 6):
 PSYoungGen      total 614400K, used 9084K [0x00000000d5580000, 0x00000000ffd00000, 0x0000000100000000)
  eden space 535040K, 0% used [0x00000000d5580000,0x00000000d5580000,0x00000000f6000000)
  from space 79360K, 11% used [0x00000000f6000000,0x00000000f68df2e0,0x00000000fad80000)
  to   space 77312K, 0% used [0x00000000fb180000,0x00000000fb180000,0x00000000ffd00000)
 ParOldGen       total 224768K, used 184015K [0x0000000080000000, 0x000000008db80000, 0x00000000d5580000)
  object space 224768K, 81% used [0x0000000080000000,0x000000008b3b3f00,0x000000008db80000)
 Metaspace       used 187484K, capacity 195842K, committed 201036K, reserved 1222656K
  class space    used 24267K, capacity 25988K, committed 27264K, reserved 1048576K
}
Event: 3284.413 GC heap before
{Heap before GC invocations=38 (full 6):
 PSYoungGen      total 614400K, used 544124K [0x00000000d5580000, 0x00000000ffd00000, 0x0000000100000000)
  eden space 535040K, 100% used [0x00000000d5580000,0x00000000f6000000,0x00000000f6000000)
  from space 79360K, 11% used [0x00000000f6000000,0x00000000f68df2e0,0x00000000fad80000)
  to   space 77312K, 0% used [0x00000000fb180000,0x00000000fb180000,0x00000000ffd00000)
 ParOldGen       total 224768K, used 184015K [0x0000000080000000, 0x000000008db80000, 0x00000000d5580000)
  object space 224768K, 81% used [0x0000000080000000,0x000000008b3b3f00,0x000000008db80000)
 Metaspace       used 187496K, capacity 195850K, committed 201036K, reserved 1222656K
  class space    used 24267K, capacity 25988K, committed 27264K, reserved 1048576K
Event: 3284.442 GC heap after
Heap after GC invocations=38 (full 6):
 PSYoungGen      total 616448K, used 4605K [0x00000000d5580000, 0x00000000ffa00000, 0x0000000100000000)
  eden space 542208K, 0% used [0x00000000d5580000,0x00000000d5580000,0x00000000f6700000)
  from space 74240K, 6% used [0x00000000fb180000,0x00000000fb5ff410,0x00000000ffa00000)
  to   space 75264K, 0% used [0x00000000f6700000,0x00000000f6700000,0x00000000fb080000)
 ParOldGen       total 224768K, used 191687K [0x0000000080000000, 0x000000008db80000, 0x00000000d5580000)
  object space 224768K, 85% used [0x0000000080000000,0x000000008bb31e58,0x000000008db80000)
 Metaspace       used 187496K, capacity 195850K, committed 201036K, reserved 1222656K
  class space    used 24267K, capacity 25988K, committed 27264K, reserved 1048576K
}
Event: 3285.817 GC heap before
{Heap before GC invocations=39 (full 6):
 PSYoungGen      total 616448K, used 546813K [0x00000000d5580000, 0x00000000ffa00000, 0x0000000100000000)
  eden space 542208K, 100% used [0x00000000d5580000,0x00000000f6700000,0x00000000f6700000)
  from space 74240K, 6% used [0x00000000fb180000,0x00000000fb5ff410,0x00000000ffa00000)
  to   space 75264K, 0% used [0x00000000f6700000,0x00000000f6700000,0x00000000fb080000)
 ParOldGen       total 224768K, used 191687K [0x0000000080000000, 0x000000008db80000, 0x00000000d5580000)
  object space 224768K, 85% used [0x0000000080000000,0x000000008bb31e58,0x000000008db80000)
 Metaspace       used 187515K, capacity 195854K, committed 201036K, reserved 1222656K
  class space    used 24267K, capacity 25988K, committed 27264K, reserved 1048576K
Event: 3285.834 GC heap after
Heap after GC invocations=39 (full 6):
 PSYoungGen      total 617472K, used 7329K [0x00000000d5580000, 0x00000000ffc00000, 0x0000000100000000)
  eden space 542208K, 0% used [0x00000000d5580000,0x00000000d5580000,0x00000000f6700000)
  from space 75264K, 9% used [0x00000000f6700000,0x00000000f6e28580,0x00000000fb080000)
  to   space 72704K, 0% used [0x00000000fb500000,0x00000000fb500000,0x00000000ffc00000)
 ParOldGen       total 224768K, used 194238K [0x0000000080000000, 0x000000008db80000, 0x00000000d5580000)
  object space 224768K, 86% used [0x0000000080000000,0x000000008bdaf950,0x000000008db80000)
 Metaspace       used 187515K, capacity 195854K, committed 201036K, reserved 1222656K
  class space    used 24267K, capacity 25988K, committed 27264K, reserved 1048576K
}
Event: 3289.007 GC heap before
{Heap before GC invocations=40 (full 6):
 PSYoungGen      total 617472K, used 549537K [0x00000000d5580000, 0x00000000ffc00000, 0x0000000100000000)
  eden space 542208K, 100% used [0x00000000d5580000,0x00000000f6700000,0x00000000f6700000)
  from space 75264K, 9% used [0x00000000f6700000,0x00000000f6e28580,0x00000000fb080000)
  to   space 72704K, 0% used [0x00000000fb500000,0x00000000fb500000,0x00000000ffc00000)
 ParOldGen       total 224768K, used 194238K [0x0000000080000000, 0x000000008db80000, 0x00000000d5580000)
  object space 224768K, 86% used [0x0000000080000000,0x000000008bdaf950,0x000000008db80000)
 Metaspace       used 188232K, capacity 196724K, committed 201036K, reserved 1222656K
  class space    used 24363K, capacity 26101K, committed 27264K, reserved 1048576K
Event: 3289.105 GC heap after
Heap after GC invocations=40 (full 6):
 PSYoungGen      total 598528K, used 72254K [0x00000000d5580000, 0x0000000100000000, 0x0000000100000000)
  eden space 525824K, 0% used [0x00000000d5580000,0x00000000d5580000,0x00000000f5700000)
  from space 72704K, 99% used [0x00000000fb500000,0x00000000ffb8fa28,0x00000000ffc00000)
  to   space 86528K, 0% used [0x00000000f5700000,0x00000000f5700000,0x00000000fab80000)
 ParOldGen       total 224768K, used 196828K [0x0000000080000000, 0x000000008db80000, 0x00000000d5580000)
  object space 224768K, 87% used [0x0000000080000000,0x000000008c037118,0x000000008db80000)
 Metaspace       used 188232K, capacity 196724K, committed 201036K, reserved 1222656K
  class space    used 24363K, capacity 26101K, committed 27264K, reserved 1048576K
}
Event: 3289.105 GC heap before
{Heap before GC invocations=41 (full 7):
 PSYoungGen      total 598528K, used 72254K [0x00000000d5580000, 0x0000000100000000, 0x0000000100000000)
  eden space 525824K, 0% used [0x00000000d5580000,0x00000000d5580000,0x00000000f5700000)
  from space 72704K, 99% used [0x00000000fb500000,0x00000000ffb8fa28,0x00000000ffc00000)
  to   space 86528K, 0% used [0x00000000f5700000,0x00000000f5700000,0x00000000fab80000)
 ParOldGen       total 224768K, used 196828K [0x0000000080000000, 0x000000008db80000, 0x00000000d5580000)
  object space 224768K, 87% used [0x0000000080000000,0x000000008c037118,0x000000008db80000)
 Metaspace       used 188232K, capacity 196724K, committed 201036K, reserved 1222656K
  class space    used 24363K, capacity 26101K, committed 27264K, reserved 1048576K
Event: 3290.076 GC heap after
Heap after GC invocations=41 (full 7):
 PSYoungGen      total 598528K, used 0K [0x00000000d5580000, 0x0000000100000000, 0x0000000100000000)
  eden space 525824K, 0% used [0x00000000d5580000,0x00000000d5580000,0x00000000f5700000)
  from space 72704K, 0% used [0x00000000fb500000,0x00000000fb500000,0x00000000ffc00000)
  to   space 86528K, 0% used [0x00000000f5700000,0x00000000f5700000,0x00000000fab80000)
 ParOldGen       total 224768K, used 173809K [0x0000000080000000, 0x000000008db80000, 0x00000000d5580000)
  object space 224768K, 77% used [0x0000000080000000,0x000000008a9bc7b0,0x000000008db80000)
 Metaspace       used 188158K, capacity 196518K, committed 201036K, reserved 1222656K
  class space    used 24337K, capacity 26052K, committed 27264K, reserved 1048576K
}

Deoptimization events (10 events):
Event: 3287.405 Thread 0x000000002dad7000 Uncommon trap: reason=unstable_if action=reinterpret pc=0x000000000608a5dc method=java.nio.Bits.copyToArray(JLjava/lang/Object;JJJ)V @ 19
Event: 3287.406 Thread 0x000000002dad7000 Uncommon trap: reason=class_check action=maybe_recompile pc=0x0000000005b492ac method=sun.nio.fs.WindowsPath.compareTo(Ljava/nio/file/Path;)I @ 18
Event: 3287.407 Thread 0x000000002dad7000 Uncommon trap: reason=class_check action=maybe_recompile pc=0x0000000005b492ac method=sun.nio.fs.WindowsPath.compareTo(Ljava/nio/file/Path;)I @ 18
Event: 3287.787 Thread 0x000000003307e000 Uncommon trap: reason=unstable_if action=reinterpret pc=0x000000000357ccb0 method=java.util.Arrays.hashCode([Ljava/lang/Object;)I @ 1
Event: 3287.787 Thread 0x0000000033085800 Uncommon trap: reason=unstable_if action=reinterpret pc=0x000000000357ccb0 method=java.util.Arrays.hashCode([Ljava/lang/Object;)I @ 1
Event: 3287.787 Thread 0x0000000033084800 Uncommon trap: reason=unstable_if action=reinterpret pc=0x000000000357ccb0 method=java.util.Arrays.hashCode([Ljava/lang/Object;)I @ 1
Event: 3287.787 Thread 0x000000003308c000 Uncommon trap: reason=unstable_if action=reinterpret pc=0x000000000357ccb0 method=java.util.Arrays.hashCode([Ljava/lang/Object;)I @ 1
Event: 3287.787 Thread 0x000000003308a000 Uncommon trap: reason=unstable_if action=reinterpret pc=0x000000000357ccb0 method=java.util.Arrays.hashCode([Ljava/lang/Object;)I @ 1
Event: 3287.787 Thread 0x0000000033090800 Uncommon trap: reason=unstable_if action=reinterpret pc=0x000000000357ccb0 method=java.util.Arrays.hashCode([Ljava/lang/Object;)I @ 1
Event: 3288.401 Thread 0x000000003308a000 Uncommon trap: reason=unstable_if action=reinterpret pc=0x0000000006bf5e28 method=com.android.tools.r8.graph.i0.b(Lcom/android/tools/r8/graph/i0;)I @ 39

Classes redefined (0 events):
No events

Internal exceptions (10 events):
Event: 3287.338 Thread 0x00000000231db000 Exception <a 'java/lang/NoSuchMethodError': <clinit>> (0x00000000e5bafe38) thrown at [C:\src\AOSP-openjdk-git\hotspot\src\share\vm\prims\jni.cpp, line 1615]
Event: 3287.339 Thread 0x00000000231db000 Exception <a 'java/lang/NoSuchMethodError': <clinit>> (0x00000000e5bc4bd0) thrown at [C:\src\AOSP-openjdk-git\hotspot\src\share\vm\prims\jni.cpp, line 1615]
Event: 3287.339 Thread 0x00000000231db000 Exception <a 'java/lang/NoSuchMethodError': <clinit>> (0x00000000e5bc5ef0) thrown at [C:\src\AOSP-openjdk-git\hotspot\src\share\vm\prims\jni.cpp, line 1615]
Event: 3287.432 Thread 0x000000002dad7000 Exception <a 'sun/nio/fs/WindowsException'> (0x00000000e69010e8) thrown at [C:\src\AOSP-openjdk-git\hotspot\src\share\vm\prims\jni.cpp, line 710]
Event: 3287.787 Thread 0x000000003307e000 Implicit null exception at 0x000000000357cbaf to 0x000000000357cca1
Event: 3287.787 Thread 0x0000000033085800 Implicit null exception at 0x000000000357cbaf to 0x000000000357cca1
Event: 3287.787 Thread 0x0000000033084800 Implicit null exception at 0x000000000357cbaf to 0x000000000357cca1
Event: 3287.787 Thread 0x000000003308a000 Implicit null exception at 0x000000000357cbaf to 0x000000000357cca1
Event: 3287.787 Thread 0x0000000033090800 Implicit null exception at 0x000000000357cbaf to 0x000000000357cca1
Event: 3287.787 Thread 0x000000003308c000 Implicit null exception at 0x000000000357cbaf to 0x000000000357cca1

Events (10 events):
Event: 3288.401 Thread 0x000000003308a000 DEOPT UNPACKING pc=0x00000000027675d0 sp=0x000000004420e990 mode 0
Event: 3288.401 Thread 0x000000003308a000 DEOPT PACKING pc=0x0000000006ab6f51 sp=0x000000004420eca0
Event: 3288.401 Thread 0x000000003308a000 DEOPT UNPACKING pc=0x00000000027675d0 sp=0x000000004420e990 mode 0
Event: 3288.401 Thread 0x000000003308a000 Uncommon trap: trap_request=0xffffff65 fr.pc=0x0000000006bf5e28
Event: 3288.401 Thread 0x000000003308a000 DEOPT PACKING pc=0x0000000006bf5e28 sp=0x000000004420ec70
Event: 3288.401 Thread 0x000000003308a000 DEOPT UNPACKING pc=0x000000000276557b sp=0x000000004420ec18 mode 2
Event: 3288.991 Thread 0x000000002d5d6000 DEOPT PACKING pc=0x00000000041d78bc sp=0x000000002189dbf0
Event: 3288.991 Thread 0x000000002d5d6000 DEOPT UNPACKING pc=0x00000000027675d0 sp=0x000000002189daa8 mode 0
Event: 3289.006 Executing VM operation: ParallelGCFailedAllocation
Event: 3290.076 Executing VM operation: ParallelGCFailedAllocation done


Dynamic libraries:
0x00007ff612ee0000 - 0x00007ff612f11000 	C:\Program Files\Android\Android Studio\jre\bin\java.exe
0x00007ffa93630000 - 0x00007ffa93826000 	C:\WINDOWS\SYSTEM32\ntdll.dll
0x00007ffa91ee0000 - 0x00007ffa91f9d000 	C:\WINDOWS\System32\KERNEL32.DLL
0x00007ffa90e70000 - 0x00007ffa91139000 	C:\WINDOWS\System32\KERNELBASE.dll
0x00007ffa93160000 - 0x00007ffa9320c000 	C:\WINDOWS\System32\ADVAPI32.dll
0x00007ffa92320000 - 0x00007ffa923be000 	C:\WINDOWS\System32\msvcrt.dll
0x00007ffa916a0000 - 0x00007ffa9173c000 	C:\WINDOWS\System32\sechost.dll
0x00007ffa92f70000 - 0x00007ffa9309b000 	C:\WINDOWS\System32\RPCRT4.dll
0x00007ffa92180000 - 0x00007ffa92320000 	C:\WINDOWS\System32\USER32.dll
0x00007ffa913e0000 - 0x00007ffa91402000 	C:\WINDOWS\System32\win32u.dll
0x00007ffa92f40000 - 0x00007ffa92f6a000 	C:\WINDOWS\System32\GDI32.dll
0x00007ffa91170000 - 0x00007ffa9127b000 	C:\WINDOWS\System32\gdi32full.dll
0x00007ffa914e0000 - 0x00007ffa9157d000 	C:\WINDOWS\System32\msvcp_win.dll
0x00007ffa90d70000 - 0x00007ffa90e70000 	C:\WINDOWS\System32\ucrtbase.dll
0x00007ffa90060000 - 0x00007ffa902fb000 	C:\WINDOWS\WinSxS\amd64_microsoft.windows.common-controls_6595b64144ccf1df_6.0.19041.746_none_ca02b4b61b8320a4\COMCTL32.dll
0x00007ffa91890000 - 0x00007ffa918c0000 	C:\WINDOWS\System32\IMM32.DLL
0x0000000068210000 - 0x00000000682e2000 	C:\Program Files\Android\Android Studio\jre\jre\bin\msvcr100.dll
0x0000000068d60000 - 0x00000000695ab000 	C:\Program Files\Android\Android Studio\jre\jre\bin\server\jvm.dll
0x00007ffa91760000 - 0x00007ffa91768000 	C:\WINDOWS\System32\PSAPI.DLL
0x00007ffa8ac30000 - 0x00007ffa8ac57000 	C:\WINDOWS\SYSTEM32\WINMM.dll
0x00007ffa7d980000 - 0x00007ffa7d989000 	C:\WINDOWS\SYSTEM32\WSOCK32.dll
0x00007ffa8a950000 - 0x00007ffa8a95a000 	C:\WINDOWS\SYSTEM32\VERSION.dll
0x00007ffa92ed0000 - 0x00007ffa92f3b000 	C:\WINDOWS\System32\WS2_32.dll
0x00007ffa7cd90000 - 0x00007ffa7cd9f000 	C:\Program Files\Android\Android Studio\jre\jre\bin\verify.dll
0x00007ffa6cce0000 - 0x00007ffa6cd09000 	C:\Program Files\Android\Android Studio\jre\jre\bin\java.dll
0x00007ffa72c10000 - 0x00007ffa72c26000 	C:\Program Files\Android\Android Studio\jre\jre\bin\zip.dll
0x00007ffa925b0000 - 0x00007ffa92cf2000 	C:\WINDOWS\System32\SHELL32.dll
0x00007ffa8e850000 - 0x00007ffa8efe0000 	C:\WINDOWS\SYSTEM32\windows.storage.dll
0x00007ffa93210000 - 0x00007ffa93566000 	C:\WINDOWS\System32\combase.dll
0x00007ffa903a0000 - 0x00007ffa903cc000 	C:\WINDOWS\SYSTEM32\Wldp.dll
0x00007ffa91fa0000 - 0x00007ffa9204e000 	C:\WINDOWS\System32\SHCORE.dll
0x00007ffa92550000 - 0x00007ffa925a5000 	C:\WINDOWS\System32\shlwapi.dll
0x00007ffa90ca0000 - 0x00007ffa90cc6000 	C:\WINDOWS\SYSTEM32\profapi.dll
0x00007ffa6a680000 - 0x00007ffa6a69a000 	C:\Program Files\Android\Android Studio\jre\jre\bin\net.dll
0x00007ffa8fe80000 - 0x00007ffa8feea000 	C:\WINDOWS\system32\mswsock.dll
0x00007ffa6a620000 - 0x00007ffa6a633000 	C:\Program Files\Android\Android Studio\jre\jre\bin\nio.dll
0x00007ffa6a7f0000 - 0x00007ffa6a817000 	C:\Users\Akshit Joshi\.gradle\native\f6784746aeab05261644944871eae4fe03e0ef1612fff0a4a95f87b438bc6780\windows-amd64\native-platform.dll
0x00007ffa748c0000 - 0x00007ffa748cd000 	C:\Program Files\Android\Android Studio\jre\jre\bin\management.dll
0x00007ffa909d0000 - 0x00007ffa909e8000 	C:\WINDOWS\SYSTEM32\CRYPTSP.dll
0x00007ffa8f7f0000 - 0x00007ffa8f824000 	C:\WINDOWS\system32\rsaenh.dll
0x00007ffa91140000 - 0x00007ffa91167000 	C:\WINDOWS\System32\bcrypt.dll
0x00007ffa90c60000 - 0x00007ffa90c8e000 	C:\WINDOWS\SYSTEM32\USERENV.dll
0x00007ffa91460000 - 0x00007ffa914e0000 	C:\WINDOWS\System32\bcryptprimitives.dll
0x00007ffa90050000 - 0x00007ffa9005c000 	C:\WINDOWS\SYSTEM32\CRYPTBASE.dll
0x00007ffa8fad0000 - 0x00007ffa8fb0b000 	C:\WINDOWS\SYSTEM32\IPHLPAPI.DLL
0x00007ffa91690000 - 0x00007ffa91698000 	C:\WINDOWS\System32\NSI.dll
0x00007ffa88cd0000 - 0x00007ffa88ce7000 	C:\WINDOWS\SYSTEM32\dhcpcsvc6.DLL
0x00007ffa88cb0000 - 0x00007ffa88ccd000 	C:\WINDOWS\SYSTEM32\dhcpcsvc.DLL
0x00007ffa8fb10000 - 0x00007ffa8fbdb000 	C:\WINDOWS\SYSTEM32\DNSAPI.dll
0x00007ffa88cf0000 - 0x00007ffa88cfb000 	C:\WINDOWS\SYSTEM32\WINNSI.DLL
0x00007ffa66250000 - 0x00007ffa66274000 	C:\Program Files\Android\Android Studio\jre\jre\bin\sunec.dll
0x00007ffa760d0000 - 0x00007ffa760da000 	C:\Windows\System32\rasadhlp.dll
0x00007ffa76850000 - 0x00007ffa768cf000 	C:\WINDOWS\System32\fwpuclnt.dll
0x00007ffa72d10000 - 0x00007ffa72d1b000 	C:\Program Files\Android\Android Studio\jre\jre\bin\sunmscapi.dll
0x00007ffa91280000 - 0x00007ffa913d6000 	C:\WINDOWS\System32\CRYPT32.dll
0x00007ffa90ad0000 - 0x00007ffa90b03000 	C:\WINDOWS\SYSTEM32\ntmarta.dll
0x00007ffa8d870000 - 0x00007ffa8d900000 	C:\WINDOWS\system32\apphelp.dll

VM Arguments:
jvm_args: -Xmx2048m -Dfile.encoding=UTF-8 -Duser.country=IN -Duser.language=en -Duser.variant 
java_command: org.gradle.launcher.daemon.bootstrap.GradleDaemon 6.5
java_class_path (initial): C:\Users\Akshit Joshi\.gradle\wrapper\dists\gradle-6.5-bin\6nifqtx7604sqp1q6g8wikw7p\gradle-6.5\lib\gradle-launcher-6.5.jar
Launcher Type: SUN_STANDARD

Environment Variables:
JAVA_HOME=C:\Program Files\Amazon Corretto\jdk11.0.8_10
PATH=C:\Program Files\Amazon Corretto\jdk11.0.8_10\bin;C:\Program Files\MinGW\bin;C:\Program Files (x86)\Intel\iCLS Client\;C:\Program Files\Intel\iCLS Client\;C:\WINDOWS\system32;C:\WINDOWS;C:\WINDOWS\System32\Wbem;C:\WINDOWS\System32\WindowsPowerShell\v1.0\;C:\Program Files (x86)\Intel\Intel(R) Management Engine Components\DAL;C:\Program Files\Intel\Intel(R) Management Engine Components\DAL;C:\Program Files (x86)\Intel\Intel(R) Management Engine Components\IPT;C:\Program Files\Intel\Intel(R) Management Engine Components\IPT;C:\Program Files\MATLAB\R2018a\runtime\win64;C:\Program Files\MATLAB\R2018a\bin;C:\WINDOWS\System32\OpenSSH\;C:\Users\Akshit Joshi\AppData\Roaming\Microsoft\Windows\Start Menu\Programs\Python 3.8;C:\Program Files\MySQL\MySQL Server 8.0\bin;C:\Program Files\Git\cmd;C:\Program Files\MinGW\bin;C:\Program Files\MySQL\MySQL Shell 8.0\bin\;C:\Users\Akshit Joshi\AppData\Local\Programs\Python\Python38\Scripts\;C:\Users\Akshit Joshi\AppData\Local\Programs\Python\Python38\;C:\Users\Akshit Joshi\AppData\Local\Microsoft\WindowsApps;C:\modeltech_6.4\win32;C:\Users\Akshit Joshi\AppData\Local\Programs\Microsoft VS Code\bin;C:\Program Files (x86)\Sophos\Sophos SSL VPN Client\bin;C:\Users\Akshit Joshi\AppData\Roaming\Microsoft\Windows\Start Menu\Programs\Python 3.8;C:\MinGW\bin;C:\Users\Akshit Joshi\AppData\Local\GitHubDesktop\bin;
USERNAME=Akshit Joshi
OS=Windows_NT
PROCESSOR_IDENTIFIER=Intel64 Family 6 Model 142 Stepping 10, GenuineIntel



---------------  S Y S T E M  ---------------

OS: Windows 10.0 , 64 bit Build 19041 (10.0.19041.804)

CPU:total 8 (initial active 8) (4 cores per cpu, 2 threads per core) family 6 model 142 stepping 10, cmov, cx8, fxsr, mmx, sse, sse2, sse3, ssse3, sse4.1, sse4.2, popcnt, avx, avx2, aes, clmul, erms, 3dnowpref, lzcnt, ht, tsc, tscinvbit, bmi1, bmi2, adx

Memory: 4k page, physical 8295652k(462280k free), swap 10249444k(60936k free)

vm_info: OpenJDK 64-Bit Server VM (25.242-b01) for windows-amd64 JRE (1.8.0_242-release-1644-b01), built by "builder" with MS VC++ 10.0 (VS2010)

time: Fri Mar 05 00:32:24 2021
timezone: India Standard Time
elapsed time: 3290 seconds (0d 0h 54m 50s)

